[ 2017-02-23T15:33:07+08:00 ] 127.0.0.1 /index.php/Admin/AdminLogin/adminLogin
INFO: [ app_init ] --START--
INFO: Run Behavior\BuildLiteBehavior [ RunTime:0.000036s ]
INFO: [ app_init ] --END-- [ RunTime:0.074842s ]
INFO: [ app_begin ] --START--
INFO: Run Behavior\ReadHtmlCacheBehavior [ RunTime:0.048119s ]
INFO: [ app_begin ] --END-- [ RunTime:0.048324s ]
INFO: [ view_parse ] --START--
INFO: [ template_filter ] --START--
INFO: Run Behavior\ContentReplaceBehavior [ RunTime:0.177018s ]
INFO: [ template_filter ] --END-- [ RunTime:0.177236s ]
INFO: Run Behavior\ParseTemplateBehavior [ RunTime:0.536733s ]
INFO: [ view_parse ] --END-- [ RunTime:0.536908s ]
INFO: [ view_filter ] --START--
INFO: Run Behavior\WriteHtmlCacheBehavior [ RunTime:0.037606s ]
INFO: [ view_filter ] --END-- [ RunTime:0.037760s ]
INFO: [ app_end ] --START--
INFO: Run Behavior\ShowPageTraceBehavior [ RunTime:0.019091s ]
INFO: [ app_end ] --END-- [ RunTime:0.019227s ]

[ 2017-02-23T15:33:09+08:00 ] 127.0.0.1 /index.php/Admin/AdminLogin/login
INFO: [ app_init ] --START--
INFO: Run Behavior\BuildLiteBehavior [ RunTime:0.000042s ]
INFO: [ app_init ] --END-- [ RunTime:0.001230s ]
INFO: [ app_begin ] --START--
INFO: Run Behavior\ReadHtmlCacheBehavior [ RunTime:0.002613s ]
INFO: [ app_begin ] --END-- [ RunTime:0.002830s ]
SQL: SELECT * FROM `admin` WHERE ( id='2016001' ) LIMIT 1   [ RunTime:0.1706s ]
NOTIC: [8] A session had already been started - ignoring session_start() D:\AMP\apache24\htdocs\uav\Uav\Admin\Controller\AdminLoginController.class.php 第 37 行.
INFO: [ app_end ] --START--
INFO: Run Behavior\ShowPageTraceBehavior [ RunTime:0.001446s ]
INFO: [ app_end ] --END-- [ RunTime:0.001558s ]

[ 2017-02-23T15:33:10+08:00 ] 127.0.0.1 /index.php/Admin/AdminDianJi/adminDianJiIndex
INFO: [ app_init ] --START--
INFO: Run Behavior\BuildLiteBehavior [ RunTime:0.000029s ]
INFO: [ app_init ] --END-- [ RunTime:0.000754s ]
INFO: [ app_begin ] --START--
INFO: Run Behavior\ReadHtmlCacheBehavior [ RunTime:0.001514s ]
INFO: [ app_begin ] --END-- [ RunTime:0.001732s ]
INFO: [ view_parse ] --START--
INFO: [ template_filter ] --START--
INFO: Run Behavior\ContentReplaceBehavior [ RunTime:0.000305s ]
INFO: [ template_filter ] --END-- [ RunTime:0.000771s ]
NOTIC: [2] Invalid argument supplied for foreach() D:\AMP\apache24\htdocs\uav\ThinkPHP\Library\Think\Db\Driver.class.php 第 504 行.
SQL: SELECT * FROM `dianji` ORDER BY create_time desc  [ RunTime:0.0605s ]
INFO: Run Behavior\ParseTemplateBehavior [ RunTime:0.597638s ]
INFO: [ view_parse ] --END-- [ RunTime:0.597834s ]
INFO: [ view_filter ] --START--
INFO: Run Behavior\WriteHtmlCacheBehavior [ RunTime:0.001537s ]
INFO: [ view_filter ] --END-- [ RunTime:0.001700s ]
INFO: [ app_end ] --START--
INFO: Run Behavior\ShowPageTraceBehavior [ RunTime:0.001499s ]
INFO: [ app_end ] --END-- [ RunTime:0.001697s ]

[ 2017-02-23T15:50:46+08:00 ] 127.0.0.1 /index.php/Admin/AdminDianJi/adminAddDianJi
INFO: [ app_init ] --START--
INFO: Run Behavior\BuildLiteBehavior [ RunTime:0.000055s ]
INFO: [ app_init ] --END-- [ RunTime:0.001356s ]
INFO: [ app_begin ] --START--
INFO: Run Behavior\ReadHtmlCacheBehavior [ RunTime:0.001382s ]
INFO: [ app_begin ] --END-- [ RunTime:0.001513s ]
INFO: [ view_parse ] --START--
INFO: [ template_filter ] --START--
INFO: Run Behavior\ContentReplaceBehavior [ RunTime:0.000374s ]
INFO: [ template_filter ] --END-- [ RunTime:0.000588s ]
INFO: Run Behavior\ParseTemplateBehavior [ RunTime:0.244662s ]
INFO: [ view_parse ] --END-- [ RunTime:0.244814s ]
INFO: [ view_filter ] --START--
INFO: Run Behavior\WriteHtmlCacheBehavior [ RunTime:0.000951s ]
INFO: [ view_filter ] --END-- [ RunTime:0.001043s ]
INFO: [ app_end ] --START--
INFO: Run Behavior\ShowPageTraceBehavior [ RunTime:0.004559s ]
INFO: [ app_end ] --END-- [ RunTime:0.005095s ]

[ 2017-02-23T16:11:30+08:00 ] 127.0.0.1 /index.php/Admin/AdminDianJi/adminAddDianJi
INFO: [ app_init ] --START--
INFO: Run Behavior\BuildLiteBehavior [ RunTime:0.000062s ]
INFO: [ app_init ] --END-- [ RunTime:0.001592s ]
INFO: [ app_begin ] --START--
INFO: Run Behavior\ReadHtmlCacheBehavior [ RunTime:0.002218s ]
INFO: [ app_begin ] --END-- [ RunTime:0.002453s ]
INFO: [ view_parse ] --START--
INFO: [ template_filter ] --START--
INFO: Run Behavior\ContentReplaceBehavior [ RunTime:0.000552s ]
INFO: [ template_filter ] --END-- [ RunTime:0.001134s ]
NOTIC: [8] Undefined variable: adminName D:\AMP\apache24\htdocs\uav\Uav\Runtime\Cache\Admin\33875ce30df3d861c69ec240f2cbd5a2.php 第 185 行.
INFO: Run Behavior\ParseTemplateBehavior [ RunTime:0.154217s ]
INFO: [ view_parse ] --END-- [ RunTime:0.154392s ]
INFO: [ view_filter ] --START--
INFO: Run Behavior\WriteHtmlCacheBehavior [ RunTime:0.001282s ]
INFO: [ view_filter ] --END-- [ RunTime:0.001416s ]
INFO: [ app_end ] --START--
INFO: Run Behavior\ShowPageTraceBehavior [ RunTime:0.001973s ]
INFO: [ app_end ] --END-- [ RunTime:0.002184s ]

[ 2017-02-23T16:11:31+08:00 ] 127.0.0.1 /index.php/Admin/AdminDianJi/createDianJiId
INFO: [ app_init ] --START--
INFO: Run Behavior\BuildLiteBehavior [ RunTime:0.000043s ]
INFO: [ app_init ] --END-- [ RunTime:0.001124s ]
INFO: [ app_begin ] --START--
INFO: Run Behavior\ReadHtmlCacheBehavior [ RunTime:0.001414s ]
INFO: [ app_begin ] --END-- [ RunTime:0.001577s ]
SQL: SELECT * FROM `dianji` WHERE ( id = 6294581958 )  [ RunTime:0.0243s ]
INFO: [ app_end ] --START--
INFO: Run Behavior\ShowPageTraceBehavior [ RunTime:0.001623s ]
INFO: [ app_end ] --END-- [ RunTime:0.001783s ]

[ 2017-02-23T16:11:32+08:00 ] 127.0.0.1 /index.php/Admin/AdminDianJi/adminAddDianJi
INFO: [ app_init ] --START--
INFO: Run Behavior\BuildLiteBehavior [ RunTime:0.000050s ]
INFO: [ app_init ] --END-- [ RunTime:0.001287s ]
INFO: [ app_begin ] --START--
INFO: Run Behavior\ReadHtmlCacheBehavior [ RunTime:0.001270s ]
INFO: [ app_begin ] --END-- [ RunTime:0.001466s ]
INFO: [ view_parse ] --START--
INFO: [ template_filter ] --START--
INFO: Run Behavior\ContentReplaceBehavior [ RunTime:0.000430s ]
INFO: [ template_filter ] --END-- [ RunTime:0.000635s ]
NOTIC: [8] Undefined variable: adminName D:\AMP\apache24\htdocs\uav\Uav\Runtime\Cache\Admin\33875ce30df3d861c69ec240f2cbd5a2.php 第 185 行.
INFO: Run Behavior\ParseTemplateBehavior [ RunTime:0.145017s ]
INFO: [ view_parse ] --END-- [ RunTime:0.145213s ]
INFO: [ view_filter ] --START--
INFO: Run Behavior\WriteHtmlCacheBehavior [ RunTime:0.000780s ]
INFO: [ view_filter ] --END-- [ RunTime:0.000921s ]
INFO: [ app_end ] --START--
INFO: Run Behavior\ShowPageTraceBehavior [ RunTime:0.001575s ]
INFO: [ app_end ] --END-- [ RunTime:0.001776s ]

[ 2017-02-23T16:11:32+08:00 ] 127.0.0.1 /index.php/Admin/AdminDianJi/createDianJiId
INFO: [ app_init ] --START--
INFO: Run Behavior\BuildLiteBehavior [ RunTime:0.000579s ]
INFO: [ app_init ] --END-- [ RunTime:0.001663s ]
INFO: [ app_begin ] --START--
INFO: Run Behavior\ReadHtmlCacheBehavior [ RunTime:0.001372s ]
INFO: [ app_begin ] --END-- [ RunTime:0.001572s ]
SQL: SELECT * FROM `dianji` WHERE ( id = 7540543365 )  [ RunTime:0.0043s ]
INFO: [ app_end ] --START--
INFO: Run Behavior\ShowPageTraceBehavior [ RunTime:0.001698s ]
INFO: [ app_end ] --END-- [ RunTime:0.001892s ]

[ 2017-02-23T16:21:40+08:00 ] 127.0.0.1 /index.php/Admin/AdminDianJi/adminAddDianJi
INFO: [ app_init ] --START--
INFO: Run Behavior\BuildLiteBehavior [ RunTime:0.000031s ]
INFO: [ app_init ] --END-- [ RunTime:0.001023s ]
INFO: [ app_begin ] --START--
INFO: Run Behavior\ReadHtmlCacheBehavior [ RunTime:0.001261s ]
INFO: [ app_begin ] --END-- [ RunTime:0.001376s ]
INFO: [ view_parse ] --START--
INFO: [ template_filter ] --START--
INFO: Run Behavior\ContentReplaceBehavior [ RunTime:0.000304s ]
INFO: [ template_filter ] --END-- [ RunTime:0.000427s ]
NOTIC: [8] Undefined variable: adminName D:\AMP\apache24\htdocs\uav\Uav\Runtime\Cache\Admin\33875ce30df3d861c69ec240f2cbd5a2.php 第 185 行.
INFO: Run Behavior\ParseTemplateBehavior [ RunTime:0.106004s ]
INFO: [ view_parse ] --END-- [ RunTime:0.106180s ]
INFO: [ view_filter ] --START--
INFO: Run Behavior\WriteHtmlCacheBehavior [ RunTime:0.000950s ]
INFO: [ view_filter ] --END-- [ RunTime:0.001048s ]
INFO: [ app_end ] --START--
INFO: Run Behavior\ShowPageTraceBehavior [ RunTime:0.002104s ]
INFO: [ app_end ] --END-- [ RunTime:0.002389s ]

[ 2017-02-23T16:21:40+08:00 ] 127.0.0.1 /index.php/Admin/AdminDianJi/createDianJiId
INFO: [ app_init ] --START--
INFO: Run Behavior\BuildLiteBehavior [ RunTime:0.000031s ]
INFO: [ app_init ] --END-- [ RunTime:0.000794s ]
INFO: [ app_begin ] --START--
INFO: Run Behavior\ReadHtmlCacheBehavior [ RunTime:0.000965s ]
INFO: [ app_begin ] --END-- [ RunTime:0.001082s ]
SQL: SELECT * FROM `dianji` WHERE ( id = 9099974935 )  [ RunTime:0.0043s ]
INFO: [ app_end ] --START--
INFO: Run Behavior\ShowPageTraceBehavior [ RunTime:0.001133s ]
INFO: [ app_end ] --END-- [ RunTime:0.001249s ]

[ 2017-02-23T16:21:46+08:00 ] 127.0.0.1 /index.php/Admin/AdminDianJi/adminAddDianJi
INFO: [ app_init ] --START--
INFO: Run Behavior\BuildLiteBehavior [ RunTime:0.000028s ]
INFO: [ app_init ] --END-- [ RunTime:0.000807s ]
INFO: [ app_begin ] --START--
INFO: Run Behavior\ReadHtmlCacheBehavior [ RunTime:0.001080s ]
INFO: [ app_begin ] --END-- [ RunTime:0.001233s ]
INFO: [ view_parse ] --START--
INFO: [ template_filter ] --START--
INFO: Run Behavior\ContentReplaceBehavior [ RunTime:0.000363s ]
INFO: [ template_filter ] --END-- [ RunTime:0.000509s ]
NOTIC: [8] Undefined variable: adminName D:\AMP\apache24\htdocs\uav\Uav\Runtime\Cache\Admin\33875ce30df3d861c69ec240f2cbd5a2.php 第 185 行.
INFO: Run Behavior\ParseTemplateBehavior [ RunTime:0.122268s ]
INFO: [ view_parse ] --END-- [ RunTime:0.122391s ]
INFO: [ view_filter ] --START--
INFO: Run Behavior\WriteHtmlCacheBehavior [ RunTime:0.001224s ]
INFO: [ view_filter ] --END-- [ RunTime:0.001368s ]
INFO: [ app_end ] --START--
INFO: Run Behavior\ShowPageTraceBehavior [ RunTime:0.001337s ]
INFO: [ app_end ] --END-- [ RunTime:0.001492s ]

[ 2017-02-23T16:21:46+08:00 ] 127.0.0.1 /index.php/Admin/AdminDianJi/createDianJiId
INFO: [ app_init ] --START--
INFO: Run Behavior\BuildLiteBehavior [ RunTime:0.000025s ]
INFO: [ app_init ] --END-- [ RunTime:0.000693s ]
INFO: [ app_begin ] --START--
INFO: Run Behavior\ReadHtmlCacheBehavior [ RunTime:0.000837s ]
INFO: [ app_begin ] --END-- [ RunTime:0.000935s ]
SQL: SELECT * FROM `dianji` WHERE ( id = 1158370007 )  [ RunTime:0.0037s ]
INFO: [ app_end ] --START--
INFO: Run Behavior\ShowPageTraceBehavior [ RunTime:0.001290s ]
INFO: [ app_end ] --END-- [ RunTime:0.001425s ]

[ 2017-02-23T16:22:12+08:00 ] 127.0.0.1 /index.php/Admin/AdminDianJi/addDianJiStyle
INFO: [ app_init ] --START--
INFO: Run Behavior\BuildLiteBehavior [ RunTime:0.000031s ]
INFO: [ app_init ] --END-- [ RunTime:0.000896s ]
INFO: [ app_begin ] --START--
INFO: Run Behavior\ReadHtmlCacheBehavior [ RunTime:0.001478s ]
INFO: [ app_begin ] --END-- [ RunTime:0.001664s ]
SQL: SELECT * FROM `dianji` WHERE ( id='1158370007' ) LIMIT 1   [ RunTime:0.0036s ]
SQL: INSERT INTO `dianji` (`id`,`item_no`,`style`,`kv`,`amps`,`volts`,`force`,`bestAmps`,`bestForce`,`oper_temperature`,`jiangSize`,`create_time`) VALUES ('1158370007','2','14','3','2','6','1','2','3','1','12*3.8','2017-02-23 16:22:12') [ RunTime:0.0685s ]
INFO: [ app_end ] --START--
INFO: Run Behavior\ShowPageTraceBehavior [ RunTime:0.001767s ]
INFO: [ app_end ] --END-- [ RunTime:0.001890s ]

[ 2017-02-23T16:22:14+08:00 ] 127.0.0.1 /index.php/Admin/AdminDianJi/adminAddDianJi
INFO: [ app_init ] --START--
INFO: Run Behavior\BuildLiteBehavior [ RunTime:0.000047s ]
INFO: [ app_init ] --END-- [ RunTime:0.001293s ]
INFO: [ app_begin ] --START--
INFO: Run Behavior\ReadHtmlCacheBehavior [ RunTime:0.001853s ]
INFO: [ app_begin ] --END-- [ RunTime:0.002102s ]
INFO: [ view_parse ] --START--
INFO: [ template_filter ] --START--
INFO: Run Behavior\ContentReplaceBehavior [ RunTime:0.000301s ]
INFO: [ template_filter ] --END-- [ RunTime:0.000460s ]
NOTIC: [8] Undefined variable: adminName D:\AMP\apache24\htdocs\uav\Uav\Runtime\Cache\Admin\33875ce30df3d861c69ec240f2cbd5a2.php 第 185 行.
INFO: Run Behavior\ParseTemplateBehavior [ RunTime:0.123112s ]
INFO: [ view_parse ] --END-- [ RunTime:0.123833s ]
INFO: [ view_filter ] --START--
INFO: Run Behavior\WriteHtmlCacheBehavior [ RunTime:0.000824s ]
INFO: [ view_filter ] --END-- [ RunTime:0.000919s ]
INFO: [ app_end ] --START--
INFO: Run Behavior\ShowPageTraceBehavior [ RunTime:0.001571s ]
INFO: [ app_end ] --END-- [ RunTime:0.001765s ]

[ 2017-02-23T16:22:14+08:00 ] 127.0.0.1 /index.php/Admin/AdminDianJi/createDianJiId
INFO: [ app_init ] --START--
INFO: Run Behavior\BuildLiteBehavior [ RunTime:0.000030s ]
INFO: [ app_init ] --END-- [ RunTime:0.000745s ]
INFO: [ app_begin ] --START--
INFO: Run Behavior\ReadHtmlCacheBehavior [ RunTime:0.001068s ]
INFO: [ app_begin ] --END-- [ RunTime:0.001192s ]
SQL: SELECT * FROM `dianji` WHERE ( id = 1099397835 )  [ RunTime:0.0032s ]
INFO: [ app_end ] --START--
INFO: Run Behavior\ShowPageTraceBehavior [ RunTime:0.001136s ]
INFO: [ app_end ] --END-- [ RunTime:0.001238s ]

[ 2017-02-23T16:22:28+08:00 ] 127.0.0.1 /index.php/Admin/AdminDianJi/addDianJiStyle
INFO: [ app_init ] --START--
INFO: Run Behavior\BuildLiteBehavior [ RunTime:0.000047s ]
INFO: [ app_init ] --END-- [ RunTime:0.001138s ]
INFO: [ app_begin ] --START--
INFO: Run Behavior\ReadHtmlCacheBehavior [ RunTime:0.001841s ]
INFO: [ app_begin ] --END-- [ RunTime:0.002009s ]
SQL: SELECT * FROM `dianji` WHERE ( id='1099397835' ) LIMIT 1   [ RunTime:0.0041s ]
SQL: INSERT INTO `dianji` (`id`,`item_no`,`style`,`kv`,`amps`,`volts`,`force`,`bestAmps`,`bestForce`,`oper_temperature`,`jiangSize`,`create_time`) VALUES ('1099397835','3','2','4','5','5','6','8','122','7','11*5.5','2017-02-23 16:22:28') [ RunTime:0.0904s ]
INFO: [ app_end ] --START--
INFO: Run Behavior\ShowPageTraceBehavior [ RunTime:0.001202s ]
INFO: [ app_end ] --END-- [ RunTime:0.001310s ]

[ 2017-02-23T16:22:29+08:00 ] 127.0.0.1 /index.php/Admin/AdminDianJi/adminAddDianJi
INFO: [ app_init ] --START--
INFO: Run Behavior\BuildLiteBehavior [ RunTime:0.000044s ]
INFO: [ app_init ] --END-- [ RunTime:0.001097s ]
INFO: [ app_begin ] --START--
INFO: Run Behavior\ReadHtmlCacheBehavior [ RunTime:0.001464s ]
INFO: [ app_begin ] --END-- [ RunTime:0.001644s ]
INFO: [ view_parse ] --START--
INFO: [ template_filter ] --START--
INFO: Run Behavior\ContentReplaceBehavior [ RunTime:0.000335s ]
INFO: [ template_filter ] --END-- [ RunTime:0.000554s ]
NOTIC: [8] Undefined variable: adminName D:\AMP\apache24\htdocs\uav\Uav\Runtime\Cache\Admin\33875ce30df3d861c69ec240f2cbd5a2.php 第 185 行.
INFO: Run Behavior\ParseTemplateBehavior [ RunTime:0.118392s ]
INFO: [ view_parse ] --END-- [ RunTime:0.118567s ]
INFO: [ view_filter ] --START--
INFO: Run Behavior\WriteHtmlCacheBehavior [ RunTime:0.000638s ]
INFO: [ view_filter ] --END-- [ RunTime:0.000737s ]
INFO: [ app_end ] --START--
INFO: Run Behavior\ShowPageTraceBehavior [ RunTime:0.001673s ]
INFO: [ app_end ] --END-- [ RunTime:0.001862s ]

[ 2017-02-23T16:22:29+08:00 ] 127.0.0.1 /index.php/Admin/AdminDianJi/createDianJiId
INFO: [ app_init ] --START--
INFO: Run Behavior\BuildLiteBehavior [ RunTime:0.000030s ]
INFO: [ app_init ] --END-- [ RunTime:0.000841s ]
INFO: [ app_begin ] --START--
INFO: Run Behavior\ReadHtmlCacheBehavior [ RunTime:0.001956s ]
INFO: [ app_begin ] --END-- [ RunTime:0.002159s ]
SQL: SELECT * FROM `dianji` WHERE ( id = 7678138135 )  [ RunTime:0.0037s ]
INFO: [ app_end ] --START--
INFO: Run Behavior\ShowPageTraceBehavior [ RunTime:0.001200s ]
INFO: [ app_end ] --END-- [ RunTime:0.001352s ]

[ 2017-02-23T16:22:31+08:00 ] 127.0.0.1 /index.php/Admin/AdminDianJi/adminDianJiIndex
INFO: [ app_init ] --START--
INFO: Run Behavior\BuildLiteBehavior [ RunTime:0.000040s ]
INFO: [ app_init ] --END-- [ RunTime:0.001079s ]
INFO: [ app_begin ] --START--
INFO: Run Behavior\ReadHtmlCacheBehavior [ RunTime:0.001008s ]
INFO: [ app_begin ] --END-- [ RunTime:0.001126s ]
INFO: [ view_parse ] --START--
INFO: [ template_filter ] --START--
INFO: Run Behavior\ContentReplaceBehavior [ RunTime:0.000146s ]
INFO: [ template_filter ] --END-- [ RunTime:0.000267s ]
NOTIC: [2] Invalid argument supplied for foreach() D:\AMP\apache24\htdocs\uav\ThinkPHP\Library\Think\Db\Driver.class.php 第 504 行.
SQL: SELECT * FROM `dianji` ORDER BY create_time desc  [ RunTime:0.0049s ]
INFO: Run Behavior\ParseTemplateBehavior [ RunTime:0.205947s ]
INFO: [ view_parse ] --END-- [ RunTime:0.206079s ]
INFO: [ view_filter ] --START--
INFO: Run Behavior\WriteHtmlCacheBehavior [ RunTime:0.000801s ]
INFO: [ view_filter ] --END-- [ RunTime:0.000953s ]
INFO: [ app_end ] --START--
INFO: Run Behavior\ShowPageTraceBehavior [ RunTime:0.001351s ]
INFO: [ app_end ] --END-- [ RunTime:0.001496s ]

[ 2017-02-23T16:22:34+08:00 ] 127.0.0.1 /index.php/Admin/AdminDianJi/adminDianJiIndex
INFO: [ app_init ] --START--
INFO: Run Behavior\BuildLiteBehavior [ RunTime:0.000027s ]
INFO: [ app_init ] --END-- [ RunTime:0.000735s ]
INFO: [ app_begin ] --START--
INFO: Run Behavior\ReadHtmlCacheBehavior [ RunTime:0.001419s ]
INFO: [ app_begin ] --END-- [ RunTime:0.001615s ]
INFO: [ view_parse ] --START--
INFO: [ template_filter ] --START--
INFO: Run Behavior\ContentReplaceBehavior [ RunTime:0.000208s ]
INFO: [ template_filter ] --END-- [ RunTime:0.000451s ]
NOTIC: [2] Invalid argument supplied for foreach() D:\AMP\apache24\htdocs\uav\ThinkPHP\Library\Think\Db\Driver.class.php 第 504 行.
SQL: SELECT * FROM `dianji` ORDER BY create_time desc  [ RunTime:0.0042s ]
INFO: Run Behavior\ParseTemplateBehavior [ RunTime:0.048506s ]
INFO: [ view_parse ] --END-- [ RunTime:0.048689s ]
INFO: [ view_filter ] --START--
INFO: Run Behavior\WriteHtmlCacheBehavior [ RunTime:0.001037s ]
INFO: [ view_filter ] --END-- [ RunTime:0.001200s ]
INFO: [ app_end ] --START--
INFO: Run Behavior\ShowPageTraceBehavior [ RunTime:0.001549s ]
INFO: [ app_end ] --END-- [ RunTime:0.001731s ]

[ 2017-02-23T16:22:35+08:00 ] 127.0.0.1 /index.php/Admin/AdminDianJi/adminDianJiIndex
INFO: [ app_init ] --START--
INFO: Run Behavior\BuildLiteBehavior [ RunTime:0.000037s ]
INFO: [ app_init ] --END-- [ RunTime:0.000937s ]
INFO: [ app_begin ] --START--
INFO: Run Behavior\ReadHtmlCacheBehavior [ RunTime:0.001444s ]
INFO: [ app_begin ] --END-- [ RunTime:0.001606s ]
INFO: [ view_parse ] --START--
INFO: [ template_filter ] --START--
INFO: Run Behavior\ContentReplaceBehavior [ RunTime:0.000185s ]
INFO: [ template_filter ] --END-- [ RunTime:0.000356s ]
NOTIC: [2] Invalid argument supplied for foreach() D:\AMP\apache24\htdocs\uav\ThinkPHP\Library\Think\Db\Driver.class.php 第 504 行.
SQL: SELECT * FROM `dianji` ORDER BY create_time desc  [ RunTime:0.0008s ]
INFO: Run Behavior\ParseTemplateBehavior [ RunTime:0.042396s ]
INFO: [ view_parse ] --END-- [ RunTime:0.042596s ]
INFO: [ view_filter ] --START--
INFO: Run Behavior\WriteHtmlCacheBehavior [ RunTime:0.000712s ]
INFO: [ view_filter ] --END-- [ RunTime:0.000834s ]
INFO: [ app_end ] --START--
INFO: Run Behavior\ShowPageTraceBehavior [ RunTime:0.001196s ]
INFO: [ app_end ] --END-- [ RunTime:0.001315s ]

[ 2017-02-23T16:22:43+08:00 ] 127.0.0.1 /index.php/Admin/AdminDianJi/adminModifyDianJi?no=%271158370007%27
INFO: [ app_init ] --START--
INFO: Run Behavior\BuildLiteBehavior [ RunTime:0.000029s ]
INFO: [ app_init ] --END-- [ RunTime:0.000801s ]
INFO: [ app_begin ] --START--
INFO: Run Behavior\ReadHtmlCacheBehavior [ RunTime:0.001013s ]
INFO: [ app_begin ] --END-- [ RunTime:0.001129s ]
NOTIC: [8] Undefined index: dianJiId D:\AMP\apache24\htdocs\uav\Uav\Admin\Controller\AdminDianJiController.class.php 第 50 行.
INFO: [ view_parse ] --START--
INFO: [ template_filter ] --START--
INFO: Run Behavior\ContentReplaceBehavior [ RunTime:0.000287s ]
INFO: [ template_filter ] --END-- [ RunTime:0.000407s ]
ERR: 1064:You have an error in your SQL syntax; check the manual that corresponds to your MySQL server version for the right syntax to use near ') LIMIT 1' at line 1
 [ SQL语句 ] : SELECT * FROM `dianji` WHERE ( id= ) LIMIT 1  
ERR: 1064:You have an error in your SQL syntax; check the manual that corresponds to your MySQL server version for the right syntax to use near ') LIMIT 1' at line 1
 [ SQL语句 ] : SELECT * FROM `dianji` WHERE ( id= ) LIMIT 1  

[ 2017-02-23T16:26:01+08:00 ] 127.0.0.1 /index.php/Admin/AdminDianJi/adminDianJiIndex
INFO: [ app_init ] --START--
INFO: Run Behavior\BuildLiteBehavior [ RunTime:0.000033s ]
INFO: [ app_init ] --END-- [ RunTime:0.001205s ]
INFO: [ app_begin ] --START--
INFO: Run Behavior\ReadHtmlCacheBehavior [ RunTime:0.001464s ]
INFO: [ app_begin ] --END-- [ RunTime:0.001624s ]
INFO: [ view_parse ] --START--
INFO: [ template_filter ] --START--
INFO: Run Behavior\ContentReplaceBehavior [ RunTime:0.000152s ]
INFO: [ template_filter ] --END-- [ RunTime:0.000274s ]
NOTIC: [2] Invalid argument supplied for foreach() D:\AMP\apache24\htdocs\uav\ThinkPHP\Library\Think\Db\Driver.class.php 第 504 行.
SQL: SELECT * FROM `dianji` ORDER BY create_time desc  [ RunTime:0.0050s ]
INFO: Run Behavior\ParseTemplateBehavior [ RunTime:0.252819s ]
INFO: [ view_parse ] --END-- [ RunTime:0.252938s ]
INFO: [ view_filter ] --START--
INFO: Run Behavior\WriteHtmlCacheBehavior [ RunTime:0.000972s ]
INFO: [ view_filter ] --END-- [ RunTime:0.001076s ]
INFO: [ app_end ] --START--
INFO: Run Behavior\ShowPageTraceBehavior [ RunTime:0.001292s ]
INFO: [ app_end ] --END-- [ RunTime:0.001394s ]

[ 2017-02-23T16:26:01+08:00 ] 127.0.0.1 /index.php/Admin/AdminDianJi/adminDianJiIndex
INFO: [ app_init ] --START--
INFO: Run Behavior\BuildLiteBehavior [ RunTime:0.000051s ]
INFO: [ app_init ] --END-- [ RunTime:0.001169s ]
INFO: [ app_begin ] --START--
INFO: Run Behavior\ReadHtmlCacheBehavior [ RunTime:0.001098s ]
INFO: [ app_begin ] --END-- [ RunTime:0.001232s ]
INFO: [ view_parse ] --START--
INFO: [ template_filter ] --START--
INFO: Run Behavior\ContentReplaceBehavior [ RunTime:0.000226s ]
INFO: [ template_filter ] --END-- [ RunTime:0.000448s ]
NOTIC: [2] Invalid argument supplied for foreach() D:\AMP\apache24\htdocs\uav\ThinkPHP\Library\Think\Db\Driver.class.php 第 504 行.
SQL: SELECT * FROM `dianji` ORDER BY create_time desc  [ RunTime:0.0012s ]
INFO: Run Behavior\ParseTemplateBehavior [ RunTime:0.049735s ]
INFO: [ view_parse ] --END-- [ RunTime:0.049934s ]
INFO: [ view_filter ] --START--
INFO: Run Behavior\WriteHtmlCacheBehavior [ RunTime:0.000943s ]
INFO: [ view_filter ] --END-- [ RunTime:0.001117s ]
INFO: [ app_end ] --START--
INFO: Run Behavior\ShowPageTraceBehavior [ RunTime:0.001524s ]
INFO: [ app_end ] --END-- [ RunTime:0.001660s ]

[ 2017-02-23T16:26:04+08:00 ] 127.0.0.1 /index.php/Admin/AdminDianJi/adminModifyDianJi?dianJiId=%271158370007%27
INFO: [ app_init ] --START--
INFO: Run Behavior\BuildLiteBehavior [ RunTime:0.000055s ]
INFO: [ app_init ] --END-- [ RunTime:0.001338s ]
INFO: [ app_begin ] --START--
INFO: Run Behavior\ReadHtmlCacheBehavior [ RunTime:0.001486s ]
INFO: [ app_begin ] --END-- [ RunTime:0.001688s ]
INFO: [ view_parse ] --START--
INFO: [ template_filter ] --START--
INFO: Run Behavior\ContentReplaceBehavior [ RunTime:0.000425s ]
INFO: [ template_filter ] --END-- [ RunTime:0.000630s ]
SQL: SELECT * FROM `dianji` WHERE ( id='1158370007' ) LIMIT 1   [ RunTime:0.0046s ]
INFO: Run Behavior\ParseTemplateBehavior [ RunTime:0.246625s ]
INFO: [ view_parse ] --END-- [ RunTime:0.246805s ]
INFO: [ view_filter ] --START--
INFO: Run Behavior\WriteHtmlCacheBehavior [ RunTime:0.001043s ]
INFO: [ view_filter ] --END-- [ RunTime:0.001300s ]
INFO: [ app_end ] --START--
INFO: Run Behavior\ShowPageTraceBehavior [ RunTime:0.002127s ]
INFO: [ app_end ] --END-- [ RunTime:0.002501s ]

[ 2017-02-23T16:26:39+08:00 ] 127.0.0.1 /index.php/Admin/AdminDianJi/adminModifyDianJi?dianJiId=%271158370007%27
INFO: [ app_init ] --START--
INFO: Run Behavior\BuildLiteBehavior [ RunTime:0.000060s ]
INFO: [ app_init ] --END-- [ RunTime:0.001896s ]
INFO: [ app_begin ] --START--
INFO: Run Behavior\ReadHtmlCacheBehavior [ RunTime:0.001448s ]
INFO: [ app_begin ] --END-- [ RunTime:0.001584s ]
INFO: [ view_parse ] --START--
INFO: [ template_filter ] --START--
INFO: Run Behavior\ContentReplaceBehavior [ RunTime:0.000428s ]
INFO: [ template_filter ] --END-- [ RunTime:0.000645s ]
SQL: SELECT * FROM `dianji` WHERE ( id='1158370007' ) LIMIT 1   [ RunTime:0.0035s ]
INFO: Run Behavior\ParseTemplateBehavior [ RunTime:0.199342s ]
INFO: [ view_parse ] --END-- [ RunTime:0.199472s ]
INFO: [ view_filter ] --START--
INFO: Run Behavior\WriteHtmlCacheBehavior [ RunTime:0.000961s ]
INFO: [ view_filter ] --END-- [ RunTime:0.001066s ]
INFO: [ app_end ] --START--
INFO: Run Behavior\ShowPageTraceBehavior [ RunTime:0.002418s ]
INFO: [ app_end ] --END-- [ RunTime:0.002633s ]

[ 2017-02-23T16:26:40+08:00 ] 127.0.0.1 /index.php/Admin/AdminDianJi/adminModifyDianJi?dianJiId=%271158370007%27
INFO: [ app_init ] --START--
INFO: Run Behavior\BuildLiteBehavior [ RunTime:0.000067s ]
INFO: [ app_init ] --END-- [ RunTime:0.001309s ]
INFO: [ app_begin ] --START--
INFO: Run Behavior\ReadHtmlCacheBehavior [ RunTime:0.001638s ]
INFO: [ app_begin ] --END-- [ RunTime:0.001917s ]
INFO: [ view_parse ] --START--
INFO: [ template_filter ] --START--
INFO: Run Behavior\ContentReplaceBehavior [ RunTime:0.000441s ]
INFO: [ template_filter ] --END-- [ RunTime:0.000683s ]
SQL: SELECT * FROM `dianji` WHERE ( id='1158370007' ) LIMIT 1   [ RunTime:0.0008s ]
INFO: Run Behavior\ParseTemplateBehavior [ RunTime:0.224834s ]
INFO: [ view_parse ] --END-- [ RunTime:0.225000s ]
INFO: [ view_filter ] --START--
INFO: Run Behavior\WriteHtmlCacheBehavior [ RunTime:0.000948s ]
INFO: [ view_filter ] --END-- [ RunTime:0.001070s ]
INFO: [ app_end ] --START--
INFO: Run Behavior\ShowPageTraceBehavior [ RunTime:0.001886s ]
INFO: [ app_end ] --END-- [ RunTime:0.002069s ]

[ 2017-02-23T16:26:51+08:00 ] 127.0.0.1 /index.php/Admin/AdminDianJi/modifyDianJi
INFO: [ app_init ] --START--
INFO: Run Behavior\BuildLiteBehavior [ RunTime:0.000054s ]
INFO: [ app_init ] --END-- [ RunTime:0.001487s ]
INFO: [ app_begin ] --START--
INFO: Run Behavior\ReadHtmlCacheBehavior [ RunTime:0.001024s ]
INFO: [ app_begin ] --END-- [ RunTime:0.001141s ]
SQL: UPDATE `dianji` SET `id`='1158370007',`item_no`='2',`style`='111111',`kv`='3',`amps`='2',`volts`='4',`force`='1',`bestAmps`='2',`bestForce`='3',`oper_temperature`='1',`jiangSize`='12*3.8',`create_time`='2017-02-23 16:26:51' WHERE ( id='1158370007' ) LIMIT 1  [ RunTime:0.1008s ]
INFO: [ app_end ] --START--
INFO: Run Behavior\ShowPageTraceBehavior [ RunTime:0.001882s ]
INFO: [ app_end ] --END-- [ RunTime:0.002083s ]

[ 2017-02-23T16:26:53+08:00 ] 127.0.0.1 /index.php/Admin/AdminDianJi/adminDianJiIndex
INFO: [ app_init ] --START--
INFO: Run Behavior\BuildLiteBehavior [ RunTime:0.000031s ]
INFO: [ app_init ] --END-- [ RunTime:0.000845s ]
INFO: [ app_begin ] --START--
INFO: Run Behavior\ReadHtmlCacheBehavior [ RunTime:0.000972s ]
INFO: [ app_begin ] --END-- [ RunTime:0.001086s ]
INFO: [ view_parse ] --START--
INFO: [ template_filter ] --START--
INFO: Run Behavior\ContentReplaceBehavior [ RunTime:0.000151s ]
INFO: [ template_filter ] --END-- [ RunTime:0.000274s ]
NOTIC: [2] Invalid argument supplied for foreach() D:\AMP\apache24\htdocs\uav\ThinkPHP\Library\Think\Db\Driver.class.php 第 504 行.
SQL: SELECT * FROM `dianji` ORDER BY create_time desc  [ RunTime:0.0011s ]
INFO: Run Behavior\ParseTemplateBehavior [ RunTime:0.037108s ]
INFO: [ view_parse ] --END-- [ RunTime:0.037246s ]
INFO: [ view_filter ] --START--
INFO: Run Behavior\WriteHtmlCacheBehavior [ RunTime:0.000988s ]
INFO: [ view_filter ] --END-- [ RunTime:0.001141s ]
INFO: [ app_end ] --START--
INFO: Run Behavior\ShowPageTraceBehavior [ RunTime:0.001531s ]
INFO: [ app_end ] --END-- [ RunTime:0.001666s ]

[ 2017-02-23T16:27:03+08:00 ] 127.0.0.1 /index.php/Admin/AdminDianJi/delteDianJi
INFO: [ app_init ] --START--
INFO: Run Behavior\BuildLiteBehavior [ RunTime:0.000029s ]
INFO: [ app_init ] --END-- [ RunTime:0.000787s ]
INFO: [ app_begin ] --START--
INFO: Run Behavior\ReadHtmlCacheBehavior [ RunTime:0.001076s ]
INFO: [ app_begin ] --END-- [ RunTime:0.001194s ]
SQL: DELETE FROM `dianji` WHERE ( id='1099397835' ) LIMIT 1  [ RunTime:0.2224s ]
INFO: [ app_end ] --START--
INFO: Run Behavior\ShowPageTraceBehavior [ RunTime:0.001531s ]
INFO: [ app_end ] --END-- [ RunTime:0.001658s ]

[ 2017-02-23T16:27:04+08:00 ] 127.0.0.1 /index.php/Admin/AdminDianJi/adminDianJiIndex
INFO: [ app_init ] --START--
INFO: Run Behavior\BuildLiteBehavior [ RunTime:0.000031s ]
INFO: [ app_init ] --END-- [ RunTime:0.000759s ]
INFO: [ app_begin ] --START--
INFO: Run Behavior\ReadHtmlCacheBehavior [ RunTime:0.001699s ]
INFO: [ app_begin ] --END-- [ RunTime:0.001920s ]
INFO: [ view_parse ] --START--
INFO: [ template_filter ] --START--
INFO: Run Behavior\ContentReplaceBehavior [ RunTime:0.000229s ]
INFO: [ template_filter ] --END-- [ RunTime:0.000431s ]
NOTIC: [2] Invalid argument supplied for foreach() D:\AMP\apache24\htdocs\uav\ThinkPHP\Library\Think\Db\Driver.class.php 第 504 行.
SQL: SELECT * FROM `dianji` ORDER BY create_time desc  [ RunTime:0.0013s ]
INFO: Run Behavior\ParseTemplateBehavior [ RunTime:0.063568s ]
INFO: [ view_parse ] --END-- [ RunTime:0.063753s ]
INFO: [ view_filter ] --START--
INFO: Run Behavior\WriteHtmlCacheBehavior [ RunTime:0.001737s ]
INFO: [ view_filter ] --END-- [ RunTime:0.001902s ]
INFO: [ app_end ] --START--
INFO: Run Behavior\ShowPageTraceBehavior [ RunTime:0.001527s ]
INFO: [ app_end ] --END-- [ RunTime:0.001636s ]

[ 2017-02-23T16:38:10+08:00 ] 127.0.0.1 /index.php/Admin/AdminDianJi/adminAddDianJi
INFO: [ app_init ] --START--
INFO: Run Behavior\BuildLiteBehavior [ RunTime:0.000030s ]
INFO: [ app_init ] --END-- [ RunTime:0.000774s ]
INFO: [ app_begin ] --START--
INFO: Run Behavior\ReadHtmlCacheBehavior [ RunTime:0.001850s ]
INFO: [ app_begin ] --END-- [ RunTime:0.002005s ]
INFO: [ view_parse ] --START--
INFO: [ template_filter ] --START--
INFO: Run Behavior\ContentReplaceBehavior [ RunTime:0.000340s ]
INFO: [ template_filter ] --END-- [ RunTime:0.000489s ]
NOTIC: [8] Undefined variable: adminName D:\AMP\apache24\htdocs\uav\Uav\Runtime\Cache\Admin\33875ce30df3d861c69ec240f2cbd5a2.php 第 185 行.
INFO: Run Behavior\ParseTemplateBehavior [ RunTime:0.105145s ]
INFO: [ view_parse ] --END-- [ RunTime:0.105278s ]
INFO: [ view_filter ] --START--
INFO: Run Behavior\WriteHtmlCacheBehavior [ RunTime:0.000576s ]
INFO: [ view_filter ] --END-- [ RunTime:0.000685s ]
INFO: [ app_end ] --START--
INFO: Run Behavior\ShowPageTraceBehavior [ RunTime:0.005795s ]
INFO: [ app_end ] --END-- [ RunTime:0.006091s ]

[ 2017-02-23T16:38:10+08:00 ] 127.0.0.1 /index.php/Admin/AdminDianJi/createDianJiId
INFO: [ app_init ] --START--
INFO: Run Behavior\BuildLiteBehavior [ RunTime:0.000037s ]
INFO: [ app_init ] --END-- [ RunTime:0.000776s ]
INFO: [ app_begin ] --START--
INFO: Run Behavior\ReadHtmlCacheBehavior [ RunTime:0.002125s ]
INFO: [ app_begin ] --END-- [ RunTime:0.002314s ]
SQL: SELECT * FROM `dianji` WHERE ( id = 9618922358 )  [ RunTime:0.0012s ]
INFO: [ app_end ] --START--
INFO: Run Behavior\ShowPageTraceBehavior [ RunTime:0.002260s ]
INFO: [ app_end ] --END-- [ RunTime:0.002486s ]

[ 2017-02-23T16:38:47+08:00 ] 127.0.0.1 /index.php/Admin/AdminDianJi/adminDianJiIndex
INFO: [ app_init ] --START--
INFO: Run Behavior\BuildLiteBehavior [ RunTime:0.000030s ]
INFO: [ app_init ] --END-- [ RunTime:0.000882s ]
INFO: [ app_begin ] --START--
INFO: Run Behavior\ReadHtmlCacheBehavior [ RunTime:0.001639s ]
INFO: [ app_begin ] --END-- [ RunTime:0.001765s ]
INFO: [ view_parse ] --START--
INFO: [ template_filter ] --START--
INFO: Run Behavior\ContentReplaceBehavior [ RunTime:0.000166s ]
INFO: [ template_filter ] --END-- [ RunTime:0.000341s ]
NOTIC: [2] Invalid argument supplied for foreach() D:\AMP\apache24\htdocs\uav\ThinkPHP\Library\Think\Db\Driver.class.php 第 504 行.
SQL: SELECT * FROM `dianji` ORDER BY create_time desc  [ RunTime:0.0012s ]
INFO: Run Behavior\ParseTemplateBehavior [ RunTime:0.046447s ]
INFO: [ view_parse ] --END-- [ RunTime:0.046595s ]
INFO: [ view_filter ] --START--
INFO: Run Behavior\WriteHtmlCacheBehavior [ RunTime:0.001339s ]
INFO: [ view_filter ] --END-- [ RunTime:0.001460s ]
INFO: [ app_end ] --START--
INFO: Run Behavior\ShowPageTraceBehavior [ RunTime:0.001513s ]
INFO: [ app_end ] --END-- [ RunTime:0.001638s ]

